<?xml version="1.0" encoding="UTF-8"?>
<!-- Generated by org.testng.reporters.JUnitXMLReporter -->
<testsuite ignored="0" hostname="dell-PC" failures="0" tests="3" name="Default test" time="39.426" errors="0" timestamp="2022-11-15T11:23:56 IST">
  <testcase classname="Maven.Maven_Project.Trip_Booking" name="Depart_From" time="6.475"/>
  <testcase classname="Maven.Maven_Project.Trip_Booking" name="Reach_To" time="4.419"/>
  <testcase classname="Maven.Maven_Project.Trip_Booking" name="Date" time="1.371"/>
</testsuite> <!-- Default test -->
