<?xml version="1.0" encoding="UTF-8"?>
<testng-results ignored="0" total="3" passed="3" failed="0" skipped="0">
  <reporter-output>
  </reporter-output>
  <suite started-at="2022-11-15T11:23:17 IST" name="Default suite" finished-at="2022-11-15T11:23:56 IST" duration-ms="39426">
    <groups>
    </groups>
    <test started-at="2022-11-15T11:23:17 IST" name="Default test" finished-at="2022-11-15T11:23:56 IST" duration-ms="39426">
      <class name="Maven.Maven_Project.Trip_Booking">
        <test-method is-config="true" signature="initailize()[pri:0, instance:Maven.Maven_Project.Trip_Booking@7ea9e1e2]" started-at="2022-11-15T11:23:17 IST" name="initailize" finished-at="2022-11-15T11:23:44 IST" duration-ms="27012" status="PASS">
          <reporter-output>
          </reporter-output>
        </test-method> <!-- initailize -->
        <test-method signature="Depart_From()[pri:1, instance:Maven.Maven_Project.Trip_Booking@7ea9e1e2]" started-at="2022-11-15T11:23:44 IST" name="Depart_From" finished-at="2022-11-15T11:23:50 IST" duration-ms="6475" status="PASS">
          <reporter-output>
          </reporter-output>
        </test-method> <!-- Depart_From -->
        <test-method signature="Reach_To()[pri:2, instance:Maven.Maven_Project.Trip_Booking@7ea9e1e2]" started-at="2022-11-15T11:23:50 IST" name="Reach_To" finished-at="2022-11-15T11:23:55 IST" duration-ms="4419" status="PASS">
          <reporter-output>
          </reporter-output>
        </test-method> <!-- Reach_To -->
        <test-method signature="Date()[pri:3, instance:Maven.Maven_Project.Trip_Booking@7ea9e1e2]" started-at="2022-11-15T11:23:55 IST" name="Date" finished-at="2022-11-15T11:23:56 IST" duration-ms="1371" status="PASS">
          <reporter-output>
          </reporter-output>
        </test-method> <!-- Date -->
      </class> <!-- Maven.Maven_Project.Trip_Booking -->
    </test> <!-- Default test -->
  </suite> <!-- Default suite -->
</testng-results>
