<?xml version="1.0" encoding="UTF-8"?>
<testng-results ignored="0" total="1" passed="1" failed="0" skipped="0">
  <reporter-output>
  </reporter-output>
  <suite started-at="2022-11-16T13:51:55 IST" name="Default suite" finished-at="2022-11-16T13:52:23 IST" duration-ms="28335">
    <groups>
    </groups>
    <test started-at="2022-11-16T13:51:55 IST" name="Default test" finished-at="2022-11-16T13:52:23 IST" duration-ms="28335">
      <class name="Maven.Maven_Project.Select_Departure_date">
        <test-method is-config="true" signature="initailize()[pri:0, instance:Maven.Maven_Project.Select_Departure_date@101952da]" started-at="2022-11-16T13:51:55 IST" name="initailize" finished-at="2022-11-16T13:52:20 IST" duration-ms="25274" status="PASS">
          <reporter-output>
          </reporter-output>
        </test-method> <!-- initailize -->
        <test-method signature="Date()[pri:3, instance:Maven.Maven_Project.Select_Departure_date@101952da]" started-at="2022-11-16T13:52:20 IST" name="Date" finished-at="2022-11-16T13:52:23 IST" duration-ms="2912" status="PASS">
          <reporter-output>
          </reporter-output>
        </test-method> <!-- Date -->
      </class> <!-- Maven.Maven_Project.Select_Departure_date -->
    </test> <!-- Default test -->
  </suite> <!-- Default suite -->
</testng-results>
